<?xml version="1.0" encoding="UTF-8"?>
<robot generator="Robot 7.0.1 (Python 3.12.4 on win32)" generated="2024-06-21T12:34:31.210652" rpa="false" schemaversion="5">
<suite id="s1" name="LoginandgetdatafromCSV" source="E:\RobotFramework\Para_Bank\Para_bank_TA_Robotframework\FirstScript\Tests\LoginandgetdatafromCSV.robot">
<test id="s1-t1" name="Invalid username" line="15">
<kw name="Go to Website Para Bank" owner="resource" type="SETUP">
<kw name="Open Browser" owner="SeleniumLibrary">
<msg time="2024-06-21T12:34:31.607558" level="INFO">Opening browser 'chrome' to base url 'https://parabank.parasoft.com/'.</msg>
<arg>${URL}</arg>
<arg>browser=${BROWSER}</arg>
<doc>Opens a new browser instance to the optional ``url``.</doc>
<status status="PASS" start="2024-06-21T12:34:31.607558" elapsed="4.116994"/>
</kw>
<kw name="Maximize Browser Window" owner="SeleniumLibrary">
<doc>Maximizes current browser window.</doc>
<status status="PASS" start="2024-06-21T12:34:35.725551" elapsed="0.084000"/>
</kw>
<status status="PASS" start="2024-06-21T12:34:31.606555" elapsed="4.202996"/>
</kw>
<kw name="Login to my account">
<kw name="Login with valid username and password" owner="resource">
<kw name="Input Text" owner="SeleniumLibrary">
<msg time="2024-06-21T12:34:35.824551" level="INFO">Typing text 'Invalid username' into text field 'xpath=//*[@id="loginPanel"]/form/div[1]/input'.</msg>
<arg>${username_field}</arg>
<arg>${username}</arg>
<doc>Types the given ``text`` into the text field identified by ``locator``.</doc>
<status status="PASS" start="2024-06-21T12:34:35.823553" elapsed="0.199071"/>
</kw>
<kw name="Input Password" owner="SeleniumLibrary">
<msg time="2024-06-21T12:34:36.022624" level="INFO">Typing password into text field 'xpath=//*[@id="loginPanel"]/form/div[2]/input'.</msg>
<msg time="2024-06-21T12:34:36.073620" level="INFO">Temporally setting log level to: NONE</msg>
<arg>${password_field}</arg>
<arg>${password}</arg>
<doc>Types the given password into the text field identified by ``locator``.</doc>
<status status="PASS" start="2024-06-21T12:34:36.022624" elapsed="0.127998"/>
</kw>
<kw name="Click Button" owner="SeleniumLibrary">
<msg time="2024-06-21T12:34:36.150622" level="INFO">Clicking button 'xpath=//*[@id="loginPanel"]/form/div[3]/input'.</msg>
<arg>${login_button}</arg>
<doc>Clicks the button identified by ``locator``.</doc>
<status status="PASS" start="2024-06-21T12:34:36.150622" elapsed="0.500000"/>
</kw>
<arg>${username}</arg>
<arg>${password}</arg>
<status status="PASS" start="2024-06-21T12:34:35.821553" elapsed="0.829069"/>
</kw>
<arg>username=Invalid username</arg>
<arg>password=Pass12345</arg>
<status status="PASS" start="2024-06-21T12:34:35.820552" elapsed="0.831070"/>
</kw>
<kw name="Close Browser" owner="SeleniumLibrary" type="TEARDOWN">
<doc>Closes the current browser.</doc>
<status status="PASS" start="2024-06-21T12:34:36.655622" elapsed="2.402087"/>
</kw>
<status status="PASS" start="2024-06-21T12:34:31.604324" elapsed="7.454383"/>
</test>
<test id="s1-t2" name="Invalid Password" line="15">
<kw name="Go to Website Para Bank" owner="resource" type="SETUP">
<kw name="Open Browser" owner="SeleniumLibrary">
<msg time="2024-06-21T12:34:39.070706" level="INFO">Opening browser 'chrome' to base url 'https://parabank.parasoft.com/'.</msg>
<arg>${URL}</arg>
<arg>browser=${BROWSER}</arg>
<doc>Opens a new browser instance to the optional ``url``.</doc>
<status status="PASS" start="2024-06-21T12:34:39.069707" elapsed="3.577942"/>
</kw>
<kw name="Maximize Browser Window" owner="SeleniumLibrary">
<doc>Maximizes current browser window.</doc>
<status status="PASS" start="2024-06-21T12:34:42.647649" elapsed="0.067012"/>
</kw>
<status status="PASS" start="2024-06-21T12:34:39.068708" elapsed="3.646941"/>
</kw>
<kw name="Login to my account">
<kw name="Login with valid username and password" owner="resource">
<kw name="Input Text" owner="SeleniumLibrary">
<msg time="2024-06-21T12:34:42.722659" level="INFO">Typing text 'valid username' into text field 'xpath=//*[@id="loginPanel"]/form/div[1]/input'.</msg>
<arg>${username_field}</arg>
<arg>${username}</arg>
<doc>Types the given ``text`` into the text field identified by ``locator``.</doc>
<status status="PASS" start="2024-06-21T12:34:42.721648" elapsed="0.279003"/>
</kw>
<kw name="Input Password" owner="SeleniumLibrary">
<msg time="2024-06-21T12:34:43.001649" level="INFO">Typing password into text field 'xpath=//*[@id="loginPanel"]/form/div[2]/input'.</msg>
<msg time="2024-06-21T12:34:43.049646" level="INFO">Temporally setting log level to: NONE</msg>
<arg>${password_field}</arg>
<arg>${password}</arg>
<doc>Types the given password into the text field identified by ``locator``.</doc>
<status status="PASS" start="2024-06-21T12:34:43.000651" elapsed="0.119999"/>
</kw>
<kw name="Click Button" owner="SeleniumLibrary">
<msg time="2024-06-21T12:34:43.121649" level="INFO">Clicking button 'xpath=//*[@id="loginPanel"]/form/div[3]/input'.</msg>
<arg>${login_button}</arg>
<doc>Clicks the button identified by ``locator``.</doc>
<status status="PASS" start="2024-06-21T12:34:43.120650" elapsed="0.511000"/>
</kw>
<arg>${username}</arg>
<arg>${password}</arg>
<status status="PASS" start="2024-06-21T12:34:42.719649" elapsed="0.913003"/>
</kw>
<arg>username=valid username</arg>
<arg>password=xxxxxx</arg>
<status status="PASS" start="2024-06-21T12:34:42.716649" elapsed="0.916003"/>
</kw>
<kw name="Close Browser" owner="SeleniumLibrary" type="TEARDOWN">
<doc>Closes the current browser.</doc>
<status status="PASS" start="2024-06-21T12:34:43.645650" elapsed="2.355254"/>
</kw>
<status status="PASS" start="2024-06-21T12:34:39.061710" elapsed="6.940195"/>
</test>
<status status="PASS" start="2024-06-21T12:34:31.213653" elapsed="14.790246"/>
</suite>
<statistics>
<total>
<stat pass="2" fail="0" skip="0">All Tests</stat>
</total>
<tag>
</tag>
<suite>
<stat pass="2" fail="0" skip="0" id="s1" name="LoginandgetdatafromCSV">LoginandgetdatafromCSV</stat>
</suite>
</statistics>
<errors>
</errors>
</robot>
