<?xml version="1.0" encoding="UTF-8"?>
<robot generator="Robot 7.0.1 (Python 3.12.4 on win32)" generated="2024-06-25T17:12:15.933126" rpa="false" schemaversion="5">
<suite id="s1" name="OpenNewAccount" source="E:\RobotFramework\Para_Bank\Para_bank_TA_Robotframework\FirstScript\Tests\OpenNewAccount.robot">
<test id="s1-t1" name="Open New Account for new user" line="16">
<kw name="Go to Website Para Bank" owner="resource" type="SETUP">
<kw name="Open Browser" owner="SeleniumLibrary">
<msg time="2024-06-25T17:12:16.321575" level="INFO">Opening browser 'chrome' to base url 'https://parabank.parasoft.com/'.</msg>
<arg>${URL}</arg>
<arg>browser=${BROWSER}</arg>
<doc>Opens a new browser instance to the optional ``url``.</doc>
<status status="PASS" start="2024-06-25T17:12:16.320569" elapsed="3.687746"/>
</kw>
<kw name="Maximize Browser Window" owner="SeleniumLibrary">
<doc>Maximizes current browser window.</doc>
<status status="PASS" start="2024-06-25T17:12:20.009318" elapsed="0.060021"/>
</kw>
<status status="PASS" start="2024-06-25T17:12:16.319558" elapsed="3.750784"/>
</kw>
<kw name="Start Register" owner="Registernewuser">
<kw name="Click Element" owner="SeleniumLibrary">
<msg time="2024-06-25T17:12:20.072318" level="INFO">Clicking element 'xpath= //a[text()='Register']'.</msg>
<arg>${Register_button}</arg>
<doc>Click the element identified by ``locator``.</doc>
<status status="PASS" start="2024-06-25T17:12:20.072318" elapsed="0.409998"/>
</kw>
<status status="PASS" start="2024-06-25T17:12:20.071341" elapsed="0.410975"/>
</kw>
<kw name="Generate Unique Username" owner="resource">
<kw name="Evaluate" owner="BuiltIn">
<msg time="2024-06-25T17:12:20.487315" level="INFO">${timestamp} = 20240625171220</msg>
<var>${timestamp}</var>
<arg>datetime.datetime.now().strftime("%Y%m%d%H%M%S")</arg>
<doc>Evaluates the given expression in Python and returns the result.</doc>
<status status="PASS" start="2024-06-25T17:12:20.487315" elapsed="0.001005"/>
</kw>
<kw name="Generate Random String" owner="String">
<msg time="2024-06-25T17:12:20.489315" level="INFO">${random_number} = 1209</msg>
<var>${random_number}</var>
<arg>4</arg>
<arg>[NUMBERS]</arg>
<doc>Generates a string with a desired ``length`` from the given ``chars``.</doc>
<status status="PASS" start="2024-06-25T17:12:20.488320" elapsed="0.000995"/>
</kw>
<kw name="Catenate" owner="BuiltIn">
<msg time="2024-06-25T17:12:20.490348" level="INFO">${unique_username} = 20240625171220 1209</msg>
<var>${unique_username}</var>
<arg>${timestamp}</arg>
<arg>${random_number}</arg>
<doc>Catenates the given items together and returns the resulted string.</doc>
<status status="PASS" start="2024-06-25T17:12:20.490348" elapsed="0.000000"/>
</kw>
<kw name="Set Test Variable" owner="BuiltIn">
<msg time="2024-06-25T17:12:20.491326" level="INFO">${generated_username} = 20240625171220 1209</msg>
<arg>${generated_username}</arg>
<arg>${unique_username}</arg>
<doc>Makes a variable available everywhere within the scope of the current test.</doc>
<status status="PASS" start="2024-06-25T17:12:20.491326" elapsed="0.001004"/>
</kw>
<kw name="Set Global Variable" owner="BuiltIn">
<msg time="2024-06-25T17:12:20.493356" level="INFO">${generated_username} = 20240625171220 1209</msg>
<arg>${generated_username}</arg>
<doc>Makes a variable available globally in all tests and suites.</doc>
<status status="PASS" start="2024-06-25T17:12:20.493356" elapsed="0.000000"/>
</kw>
<kw name="Log" owner="BuiltIn">
<msg time="2024-06-25T17:12:20.494320" level="INFO">20240625171220 1209</msg>
<arg>${generated_username}</arg>
<doc>Logs the given message with the given level.</doc>
<status status="PASS" start="2024-06-25T17:12:20.494320" elapsed="0.000000"/>
</kw>
<status status="PASS" start="2024-06-25T17:12:20.486317" elapsed="0.008003"/>
</kw>
<kw name="Input User Details" owner="Registernewuser">
<kw name="Input Text" owner="SeleniumLibrary">
<msg time="2024-06-25T17:12:20.496315" level="INFO">Typing text 'Kareem' into text field 'id= customer.firstName'.</msg>
<arg>${Firstname_field}</arg>
<arg>${Firstname}</arg>
<doc>Types the given ``text`` into the text field identified by ``locator``.</doc>
<status status="PASS" start="2024-06-25T17:12:20.496315" elapsed="0.256999"/>
</kw>
<kw name="Input Text" owner="SeleniumLibrary">
<msg time="2024-06-25T17:12:20.754322" level="INFO">Typing text 'Testing' into text field 'id= customer.lastName'.</msg>
<arg>${lastName_field}</arg>
<arg>${lastName}</arg>
<doc>Types the given ``text`` into the text field identified by ``locator``.</doc>
<status status="PASS" start="2024-06-25T17:12:20.754322" elapsed="0.112993"/>
</kw>
<kw name="Input Text" owner="SeleniumLibrary">
<msg time="2024-06-25T17:12:20.867315" level="INFO">Typing text 'Test street' into text field 'id= customer.address.street'.</msg>
<arg>${address_field}</arg>
<arg>${address}</arg>
<doc>Types the given ``text`` into the text field identified by ``locator``.</doc>
<status status="PASS" start="2024-06-25T17:12:20.867315" elapsed="0.108000"/>
</kw>
<kw name="Input Text" owner="SeleniumLibrary">
<msg time="2024-06-25T17:12:20.975315" level="INFO">Typing text 'Germany' into text field 'id= customer.address.city'.</msg>
<arg>${City_field}</arg>
<arg>${city}</arg>
<doc>Types the given ``text`` into the text field identified by ``locator``.</doc>
<status status="PASS" start="2024-06-25T17:12:20.975315" elapsed="0.109000"/>
</kw>
<kw name="Input Text" owner="SeleniumLibrary">
<msg time="2024-06-25T17:12:21.085319" level="INFO">Typing text 'Test State' into text field 'id= customer.address.state'.</msg>
<arg>${state_field}</arg>
<arg>${state}</arg>
<doc>Types the given ``text`` into the text field identified by ``locator``.</doc>
<status status="PASS" start="2024-06-25T17:12:21.084315" elapsed="0.139003"/>
</kw>
<kw name="Input Text" owner="SeleniumLibrary">
<msg time="2024-06-25T17:12:21.224318" level="INFO">Typing text '12345' into text field 'id= customer.address.zipCode'.</msg>
<arg>${zipCode_field}</arg>
<arg>${zipCode}</arg>
<doc>Types the given ``text`` into the text field identified by ``locator``.</doc>
<status status="PASS" start="2024-06-25T17:12:21.223318" elapsed="0.115997"/>
</kw>
<kw name="Input Text" owner="SeleniumLibrary">
<msg time="2024-06-25T17:12:21.340316" level="INFO">Typing text '123456789' into text field 'id= customer.phoneNumber'.</msg>
<arg>${phoneNumber_field}</arg>
<arg>${phoneNumber}</arg>
<doc>Types the given ``text`` into the text field identified by ``locator``.</doc>
<status status="PASS" start="2024-06-25T17:12:21.340316" elapsed="0.118000"/>
</kw>
<kw name="Input Text" owner="SeleniumLibrary">
<msg time="2024-06-25T17:12:21.458316" level="INFO">Typing text '123456' into text field 'id= customer.ssn'.</msg>
<arg>${SSN_field}</arg>
<arg>${SSN}</arg>
<doc>Types the given ``text`` into the text field identified by ``locator``.</doc>
<status status="PASS" start="2024-06-25T17:12:21.458316" elapsed="0.112999"/>
</kw>
<kw name="Input Text" owner="SeleniumLibrary">
<msg time="2024-06-25T17:12:21.571315" level="INFO">Typing text '20240625171220 1209' into text field 'id= customer.username'.</msg>
<arg>${Newusername_field}</arg>
<arg>${generated_username}</arg>
<doc>Types the given ``text`` into the text field identified by ``locator``.</doc>
<status status="PASS" start="2024-06-25T17:12:21.571315" elapsed="0.142003"/>
</kw>
<kw name="Input Text" owner="SeleniumLibrary">
<msg time="2024-06-25T17:12:21.714318" level="INFO">Typing text 'Pass12345' into text field 'id= customer.password'.</msg>
<arg>${Newpassword_field}</arg>
<arg>${Newpassword}</arg>
<doc>Types the given ``text`` into the text field identified by ``locator``.</doc>
<status status="PASS" start="2024-06-25T17:12:21.714318" elapsed="0.109999"/>
</kw>
<kw name="Input Text" owner="SeleniumLibrary">
<msg time="2024-06-25T17:12:21.824317" level="INFO">Typing text 'Pass12345' into text field 'id= repeatedPassword'.</msg>
<arg>${repeatedPassword_field}</arg>
<arg>${repeatedPassword}</arg>
<doc>Types the given ``text`` into the text field identified by ``locator``.</doc>
<status status="PASS" start="2024-06-25T17:12:21.824317" elapsed="0.114999"/>
</kw>
<status status="PASS" start="2024-06-25T17:12:20.495318" elapsed="1.443998"/>
</kw>
<kw name="Submit Registration" owner="Registernewuser">
<kw name="Click Element" owner="SeleniumLibrary">
<msg time="2024-06-25T17:12:21.940315" level="INFO">Clicking element 'xpath=//*[@id="customerForm"]/table/tbody/tr[13]/td[2]/input'.</msg>
<arg>${submit_button}</arg>
<doc>Click the element identified by ``locator``.</doc>
<status status="PASS" start="2024-06-25T17:12:21.940315" elapsed="0.355002"/>
</kw>
<status status="PASS" start="2024-06-25T17:12:21.939316" elapsed="0.356001"/>
</kw>
<kw name="verify the new user is created" owner="Registernewuser">
<kw name="Wait Until Element Contains" owner="SeleniumLibrary">
<arg>xpath=//*[@id="rightPanel"]/p</arg>
<arg>Your account was created successfully. You are now logged in.</arg>
<arg>20</arg>
<doc>Waits until the element ``locator`` contains ``text``.</doc>
<status status="PASS" start="2024-06-25T17:12:22.296323" elapsed="0.034996"/>
</kw>
<kw name="Element Text Should Be" owner="SeleniumLibrary">
<msg time="2024-06-25T17:12:22.331319" level="INFO">Verifying element 'xpath=//*[@id="rightPanel"]/p' contains exact text 'Your account was created successfully. You are now logged in.'.</msg>
<arg>xpath=//*[@id="rightPanel"]/p</arg>
<arg>Your account was created successfully. You are now logged in.</arg>
<doc>Verifies that element ``locator`` contains exact the text ``expected``.</doc>
<status status="PASS" start="2024-06-25T17:12:22.331319" elapsed="0.019000"/>
</kw>
<status status="PASS" start="2024-06-25T17:12:22.296323" elapsed="0.053996"/>
</kw>
<kw name="open new account">
<kw name="Click Element" owner="SeleniumLibrary">
<msg time="2024-06-25T17:12:22.351314" level="INFO">Clicking element 'xpath= //a[text()='Open New Account']'.</msg>
<arg>${Open_New_Account_section}</arg>
<doc>Click the element identified by ``locator``.</doc>
<status status="PASS" start="2024-06-25T17:12:22.351314" elapsed="0.320004"/>
</kw>
<kw name="Click Button" owner="SeleniumLibrary">
<msg time="2024-06-25T17:12:22.672315" level="INFO">Clicking button 'xpath=//input[@value="Open New Account"]'.</msg>
<arg>${Open_New_Account_button}</arg>
<doc>Clicks the button identified by ``locator``.</doc>
<status status="PASS" start="2024-06-25T17:12:22.671318" elapsed="0.071996"/>
</kw>
<kw name="Sleep" owner="BuiltIn">
<msg time="2024-06-25T17:12:25.747159" level="INFO">Slept 3 seconds.</msg>
<arg>3</arg>
<doc>Pauses the test executed for the given time.</doc>
<status status="PASS" start="2024-06-25T17:12:22.743314" elapsed="3.003845"/>
</kw>
<kw name="Page Should Contain" owner="SeleniumLibrary">
<msg time="2024-06-25T17:12:25.803150" level="INFO">Current page contains text 'Account Opened!'.</msg>
<arg>Account Opened!</arg>
<doc>Verifies that current page contains ``text``.</doc>
<status status="PASS" start="2024-06-25T17:12:25.749161" elapsed="0.053989"/>
</kw>
<kw name="Page Should Contain" owner="SeleniumLibrary">
<msg time="2024-06-25T17:12:25.823147" level="INFO">Current page contains text 'Congratulations, your account is now open.'.</msg>
<arg>Congratulations, your account is now open.</arg>
<doc>Verifies that current page contains ``text``.</doc>
<status status="PASS" start="2024-06-25T17:12:25.804150" elapsed="0.020001"/>
</kw>
<kw name="Page Should Contain" owner="SeleniumLibrary">
<msg time="2024-06-25T17:12:25.844146" level="INFO">Current page contains text 'Your new account number:'.</msg>
<arg>Your new account number:</arg>
<doc>Verifies that current page contains ``text``.</doc>
<status status="PASS" start="2024-06-25T17:12:25.824151" elapsed="0.019995"/>
</kw>
<status status="PASS" start="2024-06-25T17:12:22.351314" elapsed="3.493839"/>
</kw>
<kw name="Capture New account Page Screenshot">
<kw name="Capture Page Screenshot" owner="SeleniumLibrary">
<msg time="2024-06-25T17:12:26.032180" level="INFO" html="true">&lt;/td&gt;&lt;/tr&gt;&lt;tr&gt;&lt;td colspan="3"&gt;&lt;a href="NewAccount.png"&gt;&lt;img src="NewAccount.png" width="800px"&gt;&lt;/a&gt;</msg>
<arg>filename=NewAccount.png</arg>
<doc>Takes a screenshot of the current page and embeds it into a log file.</doc>
<status status="PASS" start="2024-06-25T17:12:25.846148" elapsed="0.186032"/>
</kw>
<status status="PASS" start="2024-06-25T17:12:25.845153" elapsed="0.187027"/>
</kw>
<kw name="Close Browser" owner="SeleniumLibrary" type="TEARDOWN">
<doc>Closes the current browser.</doc>
<status status="PASS" start="2024-06-25T17:12:26.033177" elapsed="2.301424"/>
</kw>
<status status="PASS" start="2024-06-25T17:12:16.319128" elapsed="12.016477"/>
</test>
<status status="PASS" start="2024-06-25T17:12:15.935131" elapsed="12.401470"/>
</suite>
<statistics>
<total>
<stat pass="1" fail="0" skip="0">All Tests</stat>
</total>
<tag>
</tag>
<suite>
<stat pass="1" fail="0" skip="0" id="s1" name="OpenNewAccount">OpenNewAccount</stat>
</suite>
</statistics>
<errors>
</errors>
</robot>
